-------------------------------------------------------------------------------
Test set: com.imooc.pay.service.impl.PayServiceTest
-------------------------------------------------------------------------------
Tests run: 3, Failures: 0, Errors: 2, Skipped: 0, Time elapsed: 2.55 s <<< FAILURE! - in com.imooc.pay.service.impl.PayServiceTest
create(com.imooc.pay.service.impl.PayServiceTest)  Time elapsed: 1.536 s  <<< ERROR!
org.mybatis.spring.MyBatisSystemException: 
nested exception is org.apache.ibatis.exceptions.PersistenceException: 
### Error updating database.  Cause: org.springframework.jdbc.CannotGetJdbcConnectionException: Failed to obtain JDBC Connection; nested exception is java.sql.SQLException: Access denied for user 'root'@'localhost' (using password: YES)
### The error may exist in file [E:\MyResponse\java-course-code\c13_1013\pay\target\classes\mappers\PayInfoMapper.xml]
### The error may involve com.imooc.pay.dao.PayInfoMapper.insertSelective
### The error occurred while executing an update
### Cause: org.springframework.jdbc.CannotGetJdbcConnectionException: Failed to obtain JDBC Connection; nested exception is java.sql.SQLException: Access denied for user 'root'@'localhost' (using password: YES)
	at com.imooc.pay.service.impl.PayServiceTest.create(PayServiceTest.java:26)
Caused by: org.apache.ibatis.exceptions.PersistenceException: 

### Error updating database.  Cause: org.springframework.jdbc.CannotGetJdbcConnectionException: Failed to obtain JDBC Connection; nested exception is java.sql.SQLException: Access denied for user 'root'@'localhost' (using password: YES)
### The error may exist in file [E:\MyResponse\java-course-code\c13_1013\pay\target\classes\mappers\PayInfoMapper.xml]
### The error may involve com.imooc.pay.dao.PayInfoMapper.insertSelective
### The error occurred while executing an update
### Cause: org.springframework.jdbc.CannotGetJdbcConnectionException: Failed to obtain JDBC Connection; nested exception is java.sql.SQLException: Access denied for user 'root'@'localhost' (using password: YES)
	at com.imooc.pay.service.impl.PayServiceTest.create(PayServiceTest.java:26)
Caused by: org.springframework.jdbc.CannotGetJdbcConnectionException: Failed to obtain JDBC Connection; nested exception is java.sql.SQLException: Access denied for user 'root'@'localhost' (using password: YES)
	at com.imooc.pay.service.impl.PayServiceTest.create(PayServiceTest.java:26)
Caused by: java.sql.SQLException: Access denied for user 'root'@'localhost' (using password: YES)
	at com.imooc.pay.service.impl.PayServiceTest.create(PayServiceTest.java:26)

sendMQMsg(com.imooc.pay.service.impl.PayServiceTest)  Time elapsed: 1.011 s  <<< ERROR!
org.springframework.amqp.AmqpConnectException: java.net.ConnectException: Connection refused: connect
	at com.imooc.pay.service.impl.PayServiceTest.sendMQMsg(PayServiceTest.java:31)
Caused by: java.net.ConnectException: Connection refused: connect
	at com.imooc.pay.service.impl.PayServiceTest.sendMQMsg(PayServiceTest.java:31)

